<?xml version="1.0" encoding="UTF-8"?>
<!-- Generated by org.testng.reporters.JUnitXMLReporter -->
<testsuite ignored="0" hostname="LAPTOP-CTRNB5RD" failures="1" tests="2" name="Test" time="10.684" errors="0" timestamp="2026-07-14T22:49:11 IST">
  <testcase classname="org.opencart.testcases.TC001_RegistrationTest" name="verify_account_Registration" time="2.792">
    <failure type="java.lang.AssertionError" message="Registration Failed expected [Your Account Has Been Created!jh] but found [Your Account Has Been Created!]">
      <![CDATA[java.lang.AssertionError: Registration Failed expected [Your Account Has Been Created!jh] but found [Your Account Has Been Created!]
at org.opencart.testcases.TC001_RegistrationTest.verify_account_Registration(TC001_RegistrationTest.java:31)
at java.base/java.util.ArrayList.forEach(ArrayList.java:1596)
... Removed 30 stack frames]]>
    </failure>
  </testcase> <!-- verify_account_Registration -->
  <testcase classname="org.opencart.testcases.TC002_LoginTest" name="verifyLogin" time="1.598"/>
</testsuite> <!-- Test -->
