<?xml version="1.0" encoding="UTF-8"?>
<!-- Generated by org.testng.reporters.JUnitXMLReporter -->
<testsuite ignored="0" hostname="LAPTOP-CTRNB5RD" failures="0" tests="1" name="Test" time="0.082" errors="0" timestamp="2026-07-08T18:19:47 IST">
  <testcase classname="org.opencart.base.BaseTest" name="@BeforeClass setUp" time="0.015">
    <failure type="java.lang.IllegalArgumentException" message="Invalid Browser">
      <![CDATA[java.lang.IllegalArgumentException: Invalid Browser
at org.opencart.base.BaseTest.setUp(BaseTest.java:29)
at java.base/java.util.ArrayList.forEach(ArrayList.java:1596)
... Removed 23 stack frames]]>
    </failure>
  </testcase> <!-- @BeforeClass setUp -->
  <testcase classname="org.opencart.base.BaseTest" name="@AfterClass tearDown" time="0.0">
    <skipped/>
  </testcase> <!-- @AfterClass tearDown -->
  <testcase classname="org.opencart.testcases.TC001_RegistrationTest" name="verify_account_Registration" time="0.0">
    <skipped/>
  </testcase> <!-- verify_account_Registration -->
</testsuite> <!-- Test -->
