<?xml version="1.0" encoding="UTF-8"?>
<testng-results ignored="0" total="2" passed="2" failed="0" skipped="0">
  <reporter-output>
  </reporter-output>
  <suite started-at="2026-07-19T23:31:40 IST" name="Maseter Suite" finished-at="2026-07-19T23:31:52 IST" duration-ms="12023">
    <groups>
      <group name="Master">
        <method signature="TC001_RegistrationTest.verify_account_Registration()[pri:0, instance:org.opencart.testcases.TC001_RegistrationTest@49139829]" name="verify_account_Registration" class="org.opencart.testcases.TC001_RegistrationTest"/>
        <method signature="TC002_LoginTest.verifyLogin()[pri:0, instance:org.opencart.testcases.TC002_LoginTest@77fbd92c]" name="verifyLogin" class="org.opencart.testcases.TC002_LoginTest"/>
      </group> <!-- Master -->
      <group name="Sanity">
        <method signature="TC002_LoginTest.verifyLogin()[pri:0, instance:org.opencart.testcases.TC002_LoginTest@77fbd92c]" name="verifyLogin" class="org.opencart.testcases.TC002_LoginTest"/>
      </group> <!-- Sanity -->
      <group name="Regression">
        <method signature="TC001_RegistrationTest.verify_account_Registration()[pri:0, instance:org.opencart.testcases.TC001_RegistrationTest@49139829]" name="verify_account_Registration" class="org.opencart.testcases.TC001_RegistrationTest"/>
      </group> <!-- Regression -->
    </groups>
    <test started-at="2026-07-19T23:31:40 IST" name="Test" finished-at="2026-07-19T23:31:52 IST" duration-ms="12023">
      <class name="org.opencart.testcases.TC001_RegistrationTest">
        <test-method is-config="true" signature="setUp(java.lang.String,java.lang.String)[pri:0, instance:org.opencart.testcases.TC001_RegistrationTest@49139829]" started-at="2026-07-19T23:31:40 IST" name="setUp" finished-at="2026-07-19T23:31:44 IST" duration-ms="4781" status="PASS">
          <params>
            <param index="0">
              <value>
                <![CDATA[chrome]]>
              </value>
            </param>
            <param index="1">
              <value>
                <![CDATA[windows]]>
              </value>
            </param>
          </params>
          <reporter-output>
          </reporter-output>
        </test-method> <!-- setUp -->
        <test-method signature="verify_account_Registration()[pri:0, instance:org.opencart.testcases.TC001_RegistrationTest@49139829]" started-at="2026-07-19T23:31:44 IST" name="verify_account_Registration" finished-at="2026-07-19T23:31:47 IST" duration-ms="2731" status="PASS">
          <reporter-output>
          </reporter-output>
        </test-method> <!-- verify_account_Registration -->
        <test-method is-config="true" signature="tearDown()[pri:0, instance:org.opencart.testcases.TC001_RegistrationTest@49139829]" started-at="2026-07-19T23:31:47 IST" name="tearDown" finished-at="2026-07-19T23:31:47 IST" duration-ms="209" status="PASS">
          <reporter-output>
          </reporter-output>
        </test-method> <!-- tearDown -->
      </class> <!-- org.opencart.testcases.TC001_RegistrationTest -->
      <class name="org.opencart.testcases.TC002_LoginTest">
        <test-method is-config="true" signature="setUp(java.lang.String,java.lang.String)[pri:0, instance:org.opencart.testcases.TC002_LoginTest@77fbd92c]" started-at="2026-07-19T23:31:47 IST" name="setUp" finished-at="2026-07-19T23:31:50 IST" duration-ms="2152" status="PASS">
          <params>
            <param index="0">
              <value>
                <![CDATA[chrome]]>
              </value>
            </param>
            <param index="1">
              <value>
                <![CDATA[windows]]>
              </value>
            </param>
          </params>
          <reporter-output>
          </reporter-output>
        </test-method> <!-- setUp -->
        <test-method signature="verifyLogin()[pri:0, instance:org.opencart.testcases.TC002_LoginTest@77fbd92c]" started-at="2026-07-19T23:31:50 IST" name="verifyLogin" finished-at="2026-07-19T23:31:51 IST" duration-ms="1778" status="PASS">
          <reporter-output>
          </reporter-output>
        </test-method> <!-- verifyLogin -->
        <test-method is-config="true" signature="tearDown()[pri:0, instance:org.opencart.testcases.TC002_LoginTest@77fbd92c]" started-at="2026-07-19T23:31:51 IST" name="tearDown" finished-at="2026-07-19T23:31:52 IST" duration-ms="167" status="PASS">
          <reporter-output>
          </reporter-output>
        </test-method> <!-- tearDown -->
      </class> <!-- org.opencart.testcases.TC002_LoginTest -->
    </test> <!-- Test -->
  </suite> <!-- Maseter Suite -->
</testng-results>
