<?xml version="1.0" encoding="UTF-8"?>
<!-- Generated by org.testng.reporters.JUnitReportReporter -->
<testsuite hostname="LAPTOP-CTRNB5RD" failures="0" tests="10" name="org.opencart.testcases.TC003_LoginTestDDT" time="0.703" errors="1" timestamp="2026-07-16T16:41:03 IST" skipped="9">
  <testcase classname="org.opencart.testcases.TC003_LoginTestDDT" name="verify_LoginDDT" time="0.000">
    <skipped/>
  </testcase> <!-- verify_LoginDDT -->
  <testcase classname="org.opencart.testcases.TC003_LoginTestDDT" name="verify_LoginDDT" time="0.002">
    <skipped/>
  </testcase> <!-- verify_LoginDDT -->
  <testcase classname="org.opencart.testcases.TC003_LoginTestDDT" name="verify_LoginDDT" time="0.001">
    <skipped/>
  </testcase> <!-- verify_LoginDDT -->
  <testcase classname="org.opencart.testcases.TC003_LoginTestDDT" name="verify_LoginDDT" time="0.000">
    <skipped/>
  </testcase> <!-- verify_LoginDDT -->
  <testcase classname="org.opencart.testcases.TC003_LoginTestDDT" name="verify_LoginDDT" time="0.000">
    <skipped/>
  </testcase> <!-- verify_LoginDDT -->
  <testcase classname="org.opencart.testcases.TC003_LoginTestDDT" name="setUp" time="0.696">
    <error message="Could not start a new session. Possible causes are invalid address of the remote server or browser start-up failure. 
Host info: host: &#039;LAPTOP-CTRNB5RD&#039;, ip: &#039;10.132.156.238&#039;
Build info: version: &#039;4.45.0&#039;, revision: &#039;cd6a3cd cd6a3cdfca6970f62e5bc8344109d0fe0e2af05e&#039;
System info: os.name: &#039;Windows 11&#039;, os.arch: &#039;amd64&#039;, os.version: &#039;10.0&#039;, java.version: &#039;21.0.9&#039;
Driver info: org.openqa.selenium.remote.RemoteWebDriver
Command: [null, newSession {capabilities=[Capabilities {browserName: chrome, platformName: Windows 11}]}]
Capabilities {browserName: chrome, platformName: Windows 11}" type="org.openqa.selenium.SessionNotCreatedException">
      <![CDATA[org.openqa.selenium.SessionNotCreatedException: Could not start a new session. Possible causes are invalid address of the remote server or browser start-up failure. 
Host info: host: 'LAPTOP-CTRNB5RD', ip: '10.132.156.238'
Build info: version: '4.45.0', revision: 'cd6a3cd cd6a3cdfca6970f62e5bc8344109d0fe0e2af05e'
System info: os.name: 'Windows 11', os.arch: 'amd64', os.version: '10.0', java.version: '21.0.9'
Driver info: org.openqa.selenium.remote.RemoteWebDriver
Command: [null, newSession {capabilities=[Capabilities {browserName: chrome, platformName: Windows 11}]}]
Capabilities {browserName: chrome, platformName: Windows 11}
at org.openqa.selenium.remote.RemoteWebDriver.execute(RemoteWebDriver.java:596)
at org.openqa.selenium.remote.RemoteWebDriver.startSession(RemoteWebDriver.java:259)
at org.openqa.selenium.remote.RemoteWebDriver.<init>(RemoteWebDriver.java:204)
at org.openqa.selenium.remote.RemoteWebDriver.<init>(RemoteWebDriver.java:169)
at org.openqa.selenium.remote.RemoteWebDriver.<init>(RemoteWebDriver.java:165)
at org.opencart.base.BaseTest.setUp(BaseTest.java:77)
at java.base/jdk.internal.reflect.DirectMethodHandleAccessor.invoke(DirectMethodHandleAccessor.java:103)
at java.base/java.lang.reflect.Method.invoke(Method.java:580)
at org.testng.internal.invokers.MethodInvocationHelper.invokeMethod(MethodInvocationHelper.java:141)
at org.testng.internal.invokers.MethodInvocationHelper.invokeMethodConsideringTimeout(MethodInvocationHelper.java:71)
at org.testng.internal.invokers.ConfigInvoker.invokeConfigurationMethod(ConfigInvoker.java:400)
at org.testng.internal.invokers.ConfigInvoker.invokeConfigurations(ConfigInvoker.java:333)
at org.testng.internal.invokers.TestMethodWorker.invokeBeforeClassMethods(TestMethodWorker.java:188)
at org.testng.internal.invokers.TestMethodWorker.run(TestMethodWorker.java:128)
at java.base/java.util.ArrayList.forEach(ArrayList.java:1596)
at org.testng.TestRunner.privateRun(TestRunner.java:744)
at org.testng.TestRunner.run(TestRunner.java:616)
at org.testng.SuiteRunner.runTest(SuiteRunner.java:421)
at org.testng.SuiteRunner.runSequentially(SuiteRunner.java:413)
at org.testng.SuiteRunner.privateRun(SuiteRunner.java:373)
at org.testng.SuiteRunner.run(SuiteRunner.java:312)
at org.testng.SuiteRunnerWorker.runSuite(SuiteRunnerWorker.java:52)
at org.testng.SuiteRunnerWorker.run(SuiteRunnerWorker.java:95)
at org.testng.TestNG.runSuitesSequentially(TestNG.java:1274)
at org.testng.TestNG.runSuitesLocally(TestNG.java:1208)
at org.testng.TestNG.runSuites(TestNG.java:1112)
at org.testng.TestNG.run(TestNG.java:1079)
at org.testng.remote.AbstractRemoteTestNG.run(AbstractRemoteTestNG.java:115)
at org.testng.remote.RemoteTestNG.initAndRun(RemoteTestNG.java:293)
at org.testng.remote.RemoteTestNG.main(RemoteTestNG.java:91)
Caused by: java.lang.IllegalArgumentException: unsupported URI http://10.132.156.238.4444/wd/hub/session
at java.net.http/jdk.internal.net.http.common.Utils.newIAE(Utils.java:350)
at java.net.http/jdk.internal.net.http.HttpRequestBuilderImpl.checkURI(HttpRequestBuilderImpl.java:85)
at java.net.http/jdk.internal.net.http.HttpRequestBuilderImpl.uri(HttpRequestBuilderImpl.java:71)
at java.net.http/jdk.internal.net.http.HttpRequestBuilderImpl.uri(HttpRequestBuilderImpl.java:43)
at org.openqa.selenium.remote.http.jdk.JdkHttpMessages.createRequest(JdkHttpMessages.java:61)
at org.openqa.selenium.remote.http.jdk.JdkHttpClient.execute0(JdkHttpClient.java:471)
at org.openqa.selenium.remote.http.AddSeleniumUserAgent.lambda$apply$0(AddSeleniumUserAgent.java:46)
at org.openqa.selenium.remote.http.Filter.lambda$andFinally$0(Filter.java:55)
at org.openqa.selenium.remote.http.jdk.JdkHttpClient.lambda$executeAsync$0(JdkHttpClient.java:399)
at java.base/java.util.concurrent.Executors$RunnableAdapter.call(Executors.java:572)
at java.base/java.util.concurrent.FutureTask.run(FutureTask.java:317)
at java.base/java.util.concurrent.ThreadPoolExecutor.runWorker(ThreadPoolExecutor.java:1144)
at java.base/java.util.concurrent.ThreadPoolExecutor$Worker.run(ThreadPoolExecutor.java:642)
at java.base/java.lang.Thread.run(Thread.java:1583)
]]>
    </error>
  </testcase> <!-- setUp -->
  <testcase classname="org.opencart.testcases.TC003_LoginTestDDT" name="verify_LoginDDT" time="0.000">
    <skipped/>
  </testcase> <!-- verify_LoginDDT -->
  <testcase classname="org.opencart.testcases.TC003_LoginTestDDT" name="verify_LoginDDT" time="0.000">
    <skipped/>
  </testcase> <!-- verify_LoginDDT -->
  <testcase classname="org.opencart.testcases.TC003_LoginTestDDT" name="verify_LoginDDT" time="0.004">
    <skipped/>
  </testcase> <!-- verify_LoginDDT -->
  <testcase classname="org.opencart.testcases.TC003_LoginTestDDT" name="verify_LoginDDT" time="0.000">
    <skipped/>
  </testcase> <!-- verify_LoginDDT -->
</testsuite> <!-- org.opencart.testcases.TC003_LoginTestDDT -->
