<?xml version="1.0" encoding="UTF-8"?>
<!-- Generated by org.testng.reporters.JUnitReportReporter -->
<testsuite hostname="LAPTOP-CTRNB5RD" failures="0" tests="3" name="org.opencart.testcases.TC001_RegistrationTest" time="30.471" errors="0" timestamp="2026-07-19T20:41:15 IST" skipped="0">
  <testcase classname="org.opencart.testcases.TC001_RegistrationTest" name="verify_account_Registration" time="5.145"/>
  <testcase classname="org.opencart.testcases.TC001_RegistrationTest" name="verify_account_Registration" time="14.627"/>
  <testcase classname="org.opencart.testcases.TC001_RegistrationTest" name="verify_account_Registration" time="10.699"/>
</testsuite> <!-- org.opencart.testcases.TC001_RegistrationTest -->
