<?xml version="1.0" encoding="UTF-8"?>
<!-- Generated by org.testng.reporters.JUnitReportReporter -->
<testsuite hostname="LAPTOP-CTRNB5RD" failures="0" tests="3" name="org.opencart.testcases.TC002_LoginTest" time="25.263" errors="0" timestamp="2026-07-19T20:41:15 IST" skipped="0">
  <testcase classname="org.opencart.testcases.TC002_LoginTest" name="verifyLogin" time="7.722"/>
  <testcase classname="org.opencart.testcases.TC002_LoginTest" name="verifyLogin" time="7.019"/>
  <testcase classname="org.opencart.testcases.TC002_LoginTest" name="verifyLogin" time="10.522"/>
</testsuite> <!-- org.opencart.testcases.TC002_LoginTest -->
