<?xml version="1.0" encoding="UTF-8"?>
<!-- Generated by org.testng.reporters.JUnitXMLReporter -->
<testsuite ignored="0" hostname="LAPTOP-CTRNB5RD" failures="0" tests="2" name="Linux-Edge" time="53.147" errors="0" timestamp="2026-07-19T20:40:02 IST">
  <testcase classname="org.opencart.testcases.TC001_RegistrationTest" name="verify_account_Registration" time="10.699"/>
  <testcase classname="org.opencart.testcases.TC002_LoginTest" name="verifyLogin" time="7.019"/>
</testsuite> <!-- Linux-Edge -->
